<?xml version="1.0" encoding="UTF-8"?>
<!-- Generated by org.testng.reporters.JUnitXMLReporter -->
<testsuite hostname="LAPTOP-12S004T5" failures="0" tests="5" name="Test" time="5.548" errors="0" timestamp="26 Oct 2024 10:35:28 GMT">
  <testcase classname="com_jenkins_serires.DemoTest" name="runDemo" time="0.015"/>
  <testcase classname="com_jenkins_serires.JesusTest" name="runJesus" time="0.002"/>
  <testcase classname="com_jenkins_serires.KindTest" name="runKind" time="0.002"/>
  <testcase classname="com_jenkins_serires.SampleTest" name="runTest1" time="5.506"/>
  <testcase classname="com_jenkins_serires.SampleTest" name="runTest2" time="0.001"/>
</testsuite> <!-- Test -->
