<?xml version="1.0" encoding="UTF-8"?>
<testng-results total="5" passed="5" failed="0" skipped="0">
  <reporter-output>
  </reporter-output>
  <suite started-at="2024-10-26T10:35:22Z" name="Suite" finished-at="2024-10-26T10:35:28Z" duration-ms="5548">
    <groups>
    </groups>
    <test started-at="2024-10-26T10:35:22Z" name="Test" finished-at="2024-10-26T10:35:28Z" duration-ms="5548">
      <class name="com_jenkins_serires.DemoTest">
        <test-method signature="runDemo()[pri:0, instance:com_jenkins_serires.DemoTest@13d4992d]" started-at="2024-10-26T16:05:22Z" name="runDemo" finished-at="2024-10-26T16:05:22Z" duration-ms="15" status="PASS">
          <reporter-output>
          </reporter-output>
        </test-method> <!-- runDemo -->
      </class> <!-- com_jenkins_serires.DemoTest -->
      <class name="com_jenkins_serires.JesusTest">
        <test-method signature="runJesus()[pri:0, instance:com_jenkins_serires.JesusTest@282cb7c7]" started-at="2024-10-26T16:05:22Z" name="runJesus" finished-at="2024-10-26T16:05:22Z" duration-ms="2" status="PASS">
          <reporter-output>
          </reporter-output>
        </test-method> <!-- runJesus -->
      </class> <!-- com_jenkins_serires.JesusTest -->
      <class name="com_jenkins_serires.KindTest">
        <test-method signature="runKind()[pri:0, instance:com_jenkins_serires.KindTest@5a9f4771]" started-at="2024-10-26T16:05:22Z" name="runKind" finished-at="2024-10-26T16:05:22Z" duration-ms="2" status="PASS">
          <reporter-output>
          </reporter-output>
        </test-method> <!-- runKind -->
      </class> <!-- com_jenkins_serires.KindTest -->
      <class name="com_jenkins_serires.SampleTest">
        <test-method signature="runTest1()[pri:0, instance:com_jenkins_serires.SampleTest@7d898981]" started-at="2024-10-26T16:05:22Z" name="runTest1" finished-at="2024-10-26T16:05:28Z" duration-ms="5506" status="PASS">
          <reporter-output>
          </reporter-output>
        </test-method> <!-- runTest1 -->
        <test-method signature="runTest2()[pri:0, instance:com_jenkins_serires.SampleTest@7d898981]" started-at="2024-10-26T16:05:28Z" name="runTest2" finished-at="2024-10-26T16:05:28Z" duration-ms="1" status="PASS">
          <reporter-output>
          </reporter-output>
        </test-method> <!-- runTest2 -->
      </class> <!-- com_jenkins_serires.SampleTest -->
    </test> <!-- Test -->
  </suite> <!-- Suite -->
</testng-results>
